-------------------
#ERROR in: /home/f4ktu4l/Desktop/dy3zdv2o.default/signons.sqlite at Mon May 30 01:14:33 2011
Site: sync.xmarks.com
Username: MDoEEPgAAAAAAAAAAAAAAAAAAAEwFAYIKoZIhvcNAwcECDqd0jaBgks5BBBKywUquKKYDGmU8lti2S5T
Password: MDoEEPgAAAAAAAAAAAAAAAAAAAEwFAYIKoZIhvcNAwcECIpyaDDz/H56BBDoxX2zj2D7QJJ17FFDaJjz
-------------------
-------------------
#ERROR in: /home/f4ktu4l/Desktop/dy3zdv2o.default/signons.sqlite at Mon May 30 01:14:33 2011
Site: sync.xmarks.com
Username: MDoEEPgAAAAAAAAAAAAAAAAAAAEwFAYIKoZIhvcNAwcECDqd0jaBgks5BBBKywUquKKYDGmU8lti2S5T
Password: MDoEEPgAAAAAAAAAAAAAAAAAAAEwFAYIKoZIhvcNAwcECIpyaDDz/H56BBDoxX2zj2D7QJJ17FFDaJjz
-------------------
-------------------
#ERROR in: /home/f4ktu4l/Desktop/dy3zdv2o.default/signons.sqlite at Mon May 30 01:14:33 2011
Site: sync.xmarks.com
Username: MDoEEPgAAAAAAAAAAAAAAAAAAAEwFAYIKoZIhvcNAwcECBd+8ZnMlXpABBCJo7RcNI2eKsTYQf2GzVJ7
Password: MDoEEPgAAAAAAAAAAAAAAAAAAAEwFAYIKoZIhvcNAwcECISTjV0wh6S5BBCH+eyG/5uLGVXTYKPBRfQE
-------------------
-------------------
#ERROR in: /home/f4ktu4l/Desktop/dy3zdv2o.default/signons.sqlite at Mon May 30 01:14:33 2011
Site: sync.xmarks.com
Username: MDoEEPgAAAAAAAAAAAAAAAAAAAEwFAYIKoZIhvcNAwcECBd+8ZnMlXpABBCJo7RcNI2eKsTYQf2GzVJ7
Password: MDoEEPgAAAAAAAAAAAAAAAAAAAEwFAYIKoZIhvcNAwcECISTjV0wh6S5BBCH+eyG/5uLGVXTYKPBRfQE
-------------------
-------------------
#ERROR in: /home/f4ktu4l/Desktop/dy3zdv2o.default/signons.sqlite at Mon May 30 01:15:35 2011
Site: sync.xmarks.com
Username: MDoEEPgAAAAAAAAAAAAAAAAAAAEwFAYIKoZIhvcNAwcECDqd0jaBgks5BBBKywUquKKYDGmU8lti2S5T
Password: MDoEEPgAAAAAAAAAAAAAAAAAAAEwFAYIKoZIhvcNAwcECIpyaDDz/H56BBDoxX2zj2D7QJJ17FFDaJjz
-------------------
-------------------
#ERROR in: /home/f4ktu4l/Desktop/dy3zdv2o.default/signons.sqlite at Mon May 30 01:15:35 2011
Site: sync.xmarks.com
Username: MDoEEPgAAAAAAAAAAAAAAAAAAAEwFAYIKoZIhvcNAwcECDqd0jaBgks5BBBKywUquKKYDGmU8lti2S5T
Password: MDoEEPgAAAAAAAAAAAAAAAAAAAEwFAYIKoZIhvcNAwcECIpyaDDz/H56BBDoxX2zj2D7QJJ17FFDaJjz
-------------------
-------------------
#ERROR in: /home/f4ktu4l/Desktop/dy3zdv2o.default/signons.sqlite at Mon May 30 01:15:35 2011
Site: sync.xmarks.com
Username: MDoEEPgAAAAAAAAAAAAAAAAAAAEwFAYIKoZIhvcNAwcECBd+8ZnMlXpABBCJo7RcNI2eKsTYQf2GzVJ7
Password: MDoEEPgAAAAAAAAAAAAAAAAAAAEwFAYIKoZIhvcNAwcECISTjV0wh6S5BBCH+eyG/5uLGVXTYKPBRfQE
-------------------
-------------------
#ERROR in: /home/f4ktu4l/Desktop/dy3zdv2o.default/signons.sqlite at Mon May 30 01:15:35 2011
Site: sync.xmarks.com
Username: MDoEEPgAAAAAAAAAAAAAAAAAAAEwFAYIKoZIhvcNAwcECBd+8ZnMlXpABBCJo7RcNI2eKsTYQf2GzVJ7
Password: MDoEEPgAAAAAAAAAAAAAAAAAAAEwFAYIKoZIhvcNAwcECISTjV0wh6S5BBCH+eyG/5uLGVXTYKPBRfQE
-------------------
